Using pre-set license
Built from '2020.3/staging' branch; Version is '2020.3.11f1 (99c7afb366b3) revision 10078127'; Using compiler version '192528614'; Build Type 'Release'
OS: 'Windows 10 Home; OS build 19042.985; Version 2009; 64bit' Language: 'en' Physical Memory: 32693 MB
BatchMode: 1, IsHumanControllingUs: 0, StartBugReporterOnCrash: 0, Is64bit: 1, IsPro: 0

 COMMAND LINE ARGUMENTS:
C:\Program Files\Unity\Hub\Editor\2020.3.11f1\Editor\Unity.exe
-adb2
-batchMode
-noUpm
-name
AssetImportWorker0
-projectPath
C:/dev/BulletHell/BulletHell
-logFile
Logs/AssetImportWorker0.log
-srvPort
59833
Successfully changed project path to: C:/dev/BulletHell/BulletHell
C:/dev/BulletHell/BulletHell
Using Asset Import Pipeline V2.
Refreshing native plugins compatible for Editor in 29.67 ms, found 3 plugins.
Preloading 0 native plugins for Editor in 0.00 ms.
Initialize engine version: 2020.3.11f1 (99c7afb366b3)
[Subsystems] Discovering subsystems at path C:/Program Files/Unity/Hub/Editor/2020.3.11f1/Editor/Data/Resources/UnitySubsystems
[Subsystems] Discovering subsystems at path C:/dev/BulletHell/BulletHell/Assets
GfxDevice: creating device client; threaded=0
Direct3D:
    Version:  Direct3D 11.0 [level 11.1]
    Renderer: NVIDIA GeForce RTX 3070 (ID=0x2484)
    Vendor:   
    VRAM:     8043 MB
    Driver:   27.21.14.5751
Initialize mono
Mono path[0] = 'C:/Program Files/Unity/Hub/Editor/2020.3.11f1/Editor/Data/Managed'
Mono path[1] = 'C:/Program Files/Unity/Hub/Editor/2020.3.11f1/Editor/Data/MonoBleedingEdge/lib/mono/unityjit'
Mono config path = 'C:/Program Files/Unity/Hub/Editor/2020.3.11f1/Editor/Data/MonoBleedingEdge/etc'
Using monoOptions --debugger-agent=transport=dt_socket,embedding=1,server=y,suspend=n,address=127.0.0.1:56404
Begin MonoManager ReloadAssembly
Registering precompiled unity dll's ...
Register platform support module: C:/Program Files/Unity/Hub/Editor/2020.3.11f1/Editor/Data/PlaybackEngines/WindowsStandaloneSupport/UnityEditor.WindowsStandalone.Extensions.dll
Registered in 0.001702 seconds.
Native extension for WindowsStandalone target not found
Refreshing native plugins compatible for Editor in 26.80 ms, found 3 plugins.
Preloading 0 native plugins for Editor in 0.00 ms.
Mono: successfully reloaded assembly
- Completed reload, in  0.730 seconds
Platform modules already initialized, skipping
Registering precompiled user dll's ...
Registered in 0.003358 seconds.
Begin MonoManager ReloadAssembly
Native extension for WindowsStandalone target not found
Refreshing native plugins compatible for Editor in 26.93 ms, found 3 plugins.
Preloading 0 native plugins for Editor in 0.00 ms.
Mono: successfully reloaded assembly
- Completed reload, in  0.707 seconds
Platform modules already initialized, skipping
========================================================================
Worker process is ready to serve import requests
Launched and connected shader compiler UnityShaderCompiler.exe after 0.03 seconds
Refreshing native plugins compatible for Editor in 0.36 ms, found 3 plugins.
Preloading 0 native plugins for Editor in 0.00 ms.
Unloading 2080 Unused Serialized files (Serialized files now loaded: 0)
System memory in use before: 92.8 MB.
System memory in use after: 92.8 MB.

Unloading 33 unused Assets to reduce memory usage. Loaded Objects now: 2513.
Total: 1.601500 ms (FindLiveObjects: 0.118000 ms CreateObjectMapping: 0.040000 ms MarkObjects: 1.357000 ms  DeleteObjects: 0.085700 ms)

========================================================================
Received Import Request.
  path: Assets
  artifactKey: Guid(00000000000000001000000000000000) Importer(815301076,1909f56bfc062723c751e8b465ee728b)
Start importing Assets using Guid(00000000000000001000000000000000) Importer(815301076,1909f56bfc062723c751e8b465ee728b)  -> (artifact id: '42d402b061de3733987d63b9cc3b64de') in 0.005135 seconds
  Import took 0.007241 seconds .

========================================================================
Received Import Request.
  Time since last request: 3.309299 seconds.
  path: Assets/Scripts
  artifactKey: Guid(c9cac82703b38ec4ab129ae29460b607) Importer(815301076,1909f56bfc062723c751e8b465ee728b)
Start importing Assets/Scripts using Guid(c9cac82703b38ec4ab129ae29460b607) Importer(815301076,1909f56bfc062723c751e8b465ee728b)  -> (artifact id: '01dc700a1afbf33558c79b43a580b76c') in 0.002892 seconds
  Import took 0.005277 seconds .

========================================================================
Received Import Request.
  Time since last request: 5.914515 seconds.
  path: Assets/Sprites
  artifactKey: Guid(5ad441f6e07fc944fbed04b326fe5bcd) Importer(815301076,1909f56bfc062723c751e8b465ee728b)
Start importing Assets/Sprites using Guid(5ad441f6e07fc944fbed04b326fe5bcd) Importer(815301076,1909f56bfc062723c751e8b465ee728b)  -> (artifact id: '74cff1a3d666da94e6775e7bed070610') in 0.002914 seconds
  Import took 0.005285 seconds .

========================================================================
Received Import Request.
  Time since last request: 12.342545 seconds.
  path: Assets/Tiles
  artifactKey: Guid(75f703d96ca97db4e9a189cfc80aab23) Importer(815301076,1909f56bfc062723c751e8b465ee728b)
Start importing Assets/Tiles using Guid(75f703d96ca97db4e9a189cfc80aab23) Importer(815301076,1909f56bfc062723c751e8b465ee728b)  -> (artifact id: '3f5674c105ebc261780bc4c1497359f0') in 0.002969 seconds
  Import took 0.005163 seconds .

========================================================================
Received Import Request.
  Time since last request: 24.142057 seconds.
  path: Assets/Photoshop
  artifactKey: Guid(85db0b604fff00c438feb71fa82b3d49) Importer(815301076,1909f56bfc062723c751e8b465ee728b)
Start importing Assets/Photoshop using Guid(85db0b604fff00c438feb71fa82b3d49) Importer(815301076,1909f56bfc062723c751e8b465ee728b)  -> (artifact id: 'da7182f12c281c2b481518444f1cc5a9') in 0.003134 seconds
  Import took 0.005329 seconds .

AssetImportWorkerClient::OnTransportError - code=2 error=End of file
